This is pdfTeX, Version 3.14159265-2.6-1.40.20 (TeX Live 2019/Debian) (preloaded format=pdflatex 2020.7.30)  19 AUG 2020 19:36
entering extended mode
 restricted \write18 enabled.
 %&-line parsing enabled.
**main_2.tex
(./main_2.tex
LaTeX2e <2020-02-02> patch level 2
L3 programming layer <2020-02-14>
(/usr/share/texlive/texmf-dist/tex/latex/base/article.cls
Document Class: article 2019/12/20 v1.4l Standard LaTeX document class
(/usr/share/texlive/texmf-dist/tex/latex/base/size11.clo
File: size11.clo 2019/12/20 v1.4l Standard LaTeX file (size option)
)
\c@part=\count167
\c@section=\count168
\c@subsection=\count169
\c@subsubsection=\count170
\c@paragraph=\count171
\c@subparagraph=\count172
\c@figure=\count173
\c@table=\count174
\abovecaptionskip=\skip47
\belowcaptionskip=\skip48
\bibindent=\dimen134
)
(/usr/share/texlive/texmf-dist/tex/latex/geometry/geometry.sty
Package: geometry 2020/01/02 v5.9 Page Geometry

(/usr/share/texlive/texmf-dist/tex/latex/graphics/keyval.sty
Package: keyval 2014/10/28 v1.15 key=value parser (DPC)
\KV@toks@=\toks14
)
(/usr/share/texlive/texmf-dist/tex/generic/iftex/ifvtex.sty
Package: ifvtex 2019/10/25 v1.7 ifvtex legacy package. Use iftex instead.

(/usr/share/texlive/texmf-dist/tex/generic/iftex/iftex.sty
Package: iftex 2019/11/07 v1.0c TeX engine tests
))
\Gm@cnth=\count175
\Gm@cntv=\count176
\c@Gm@tempcnt=\count177
\Gm@bindingoffset=\dimen135
\Gm@wd@mp=\dimen136
\Gm@odd@mp=\dimen137
\Gm@even@mp=\dimen138
\Gm@layoutwidth=\dimen139
\Gm@layoutheight=\dimen140
\Gm@layouthoffset=\dimen141
\Gm@layoutvoffset=\dimen142
\Gm@dimlist=\toks15
)
(/usr/share/texlive/texmf-dist/tex/latex/base/inputenc.sty
Package: inputenc 2018/08/11 v1.3c Input encoding file
\inpenc@prehook=\toks16
\inpenc@posthook=\toks17

(/usr/share/texlive/texmf-dist/tex/latex/ucs/utf8x.def
File: utf8x.def 2004/10/17 UCS: Input encoding UTF-8
))
(/usr/share/texlive/texmf-dist/tex/latex/ucs/ucs.sty
Package: ucs 2013/05/11 v2.2 UCS: Unicode input support

(/usr/share/texlive/texmf-dist/tex/latex/ucs/data/uni-global.def
File: uni-global.def 2013/05/13 UCS: Unicode global data
)
\uc@secondtry=\count178
\uc@combtoks=\toks18
\uc@combtoksb=\toks19
\uc@temptokena=\toks20
)
(/usr/share/texlive/texmf-dist/tex/latex/amsfonts/amssymb.sty
Package: amssymb 2013/01/14 v3.01 AMS font symbols

(/usr/share/texlive/texmf-dist/tex/latex/amsfonts/amsfonts.sty
Package: amsfonts 2013/01/14 v3.01 Basic AMSFonts support
\@emptytoks=\toks21
\symAMSa=\mathgroup4
\symAMSb=\mathgroup5
LaTeX Font Info:    Redeclaring math symbol \hbar on input line 98.
LaTeX Font Info:    Overwriting math alphabet `\mathfrak' in version `bold'
(Font)                  U/euf/m/n --> U/euf/b/n on input line 106.
))
(/usr/share/texlive/texmf-dist/tex/latex/amsmath/amsmath.sty
Package: amsmath 2020/01/20 v2.17e AMS math features
\@mathmargin=\skip49

For additional information on amsmath, use the `?' option.
(/usr/share/texlive/texmf-dist/tex/latex/amsmath/amstext.sty
Package: amstext 2000/06/29 v2.01 AMS text

(/usr/share/texlive/texmf-dist/tex/latex/amsmath/amsgen.sty
File: amsgen.sty 1999/11/30 v2.0 generic functions
\@emptytoks=\toks22
\ex@=\dimen143
))
(/usr/share/texlive/texmf-dist/tex/latex/amsmath/amsbsy.sty
Package: amsbsy 1999/11/29 v1.2d Bold Symbols
\pmbraise@=\dimen144
)
(/usr/share/texlive/texmf-dist/tex/latex/amsmath/amsopn.sty
Package: amsopn 2016/03/08 v2.02 operator names
)
\inf@bad=\count179
LaTeX Info: Redefining \frac on input line 227.
\uproot@=\count180
\leftroot@=\count181
LaTeX Info: Redefining \overline on input line 389.
\classnum@=\count182
\DOTSCASE@=\count183
LaTeX Info: Redefining \ldots on input line 486.
LaTeX Info: Redefining \dots on input line 489.
LaTeX Info: Redefining \cdots on input line 610.
\Mathstrutbox@=\box45
\strutbox@=\box46
\big@size=\dimen145
LaTeX Font Info:    Redeclaring font encoding OML on input line 733.
LaTeX Font Info:    Redeclaring font encoding OMS on input line 734.
\macc@depth=\count184
\c@MaxMatrixCols=\count185
\dotsspace@=\muskip16
\c@parentequation=\count186
\dspbrk@lvl=\count187
\tag@help=\toks23
\row@=\count188
\column@=\count189
\maxfields@=\count190
\andhelp@=\toks24
\eqnshift@=\dimen146
\alignsep@=\dimen147
\tagshift@=\dimen148
\tagwidth@=\dimen149
\totwidth@=\dimen150
\lineht@=\dimen151
\@envbody=\toks25
\multlinegap=\skip50
\multlinetaggap=\skip51
\mathdisplay@stack=\toks26
LaTeX Info: Redefining \[ on input line 2859.
LaTeX Info: Redefining \] on input line 2860.
)
(/usr/share/texlive/texmf-dist/tex/latex/amscls/amsthm.sty
Package: amsthm 2017/10/31 v2.20.4
\thm@style=\toks27
\thm@bodyfont=\toks28
\thm@headfont=\toks29
\thm@notefont=\toks30
\thm@headpunct=\toks31
\thm@preskip=\skip52
\thm@postskip=\skip53
\thm@headsep=\skip54
\dth@everypar=\toks32
)
(/usr/share/texlive/texmf-dist/tex/latex/amsmath/amsxtra.sty
Package: amsxtra 1999/11/15 v1.2c AMS extra commands
LaTeX Info: Redefining \nobreakspace on input line 54.
)
(/usr/share/texlive/texmf-dist/tex/latex/xcolor/xcolor.sty
Package: xcolor 2016/05/11 v2.12 LaTeX color extensions (UK)

(/usr/share/texlive/texmf-dist/tex/latex/graphics-cfg/color.cfg
File: color.cfg 2016/01/02 v1.6 sample color configuration
)
Package xcolor Info: Driver file: pdftex.def on input line 225.

(/usr/share/texlive/texmf-dist/tex/latex/graphics-def/pdftex.def
File: pdftex.def 2018/01/08 v1.0l Graphics/color driver for pdftex
)
Package xcolor Info: Model `cmy' substituted by `cmy0' on input line 1348.
Package xcolor Info: Model `hsb' substituted by `rgb' on input line 1352.
Package xcolor Info: Model `RGB' extended on input line 1364.
Package xcolor Info: Model `HTML' substituted by `rgb' on input line 1366.
Package xcolor Info: Model `Hsb' substituted by `hsb' on input line 1367.
Package xcolor Info: Model `tHsb' substituted by `hsb' on input line 1368.
Package xcolor Info: Model `HSB' substituted by `hsb' on input line 1369.
Package xcolor Info: Model `Gray' substituted by `gray' on input line 1370.
Package xcolor Info: Model `wave' substituted by `hsb' on input line 1371.
)
(/usr/share/texlive/texmf-dist/tex/latex/esvect/esvect.sty
Package: esvect 
\symesvector=\mathgroup6
LaTeX Font Info:    Redeclaring math symbol \fldr on input line 38.
)
(/usr/share/texlive/texmf-dist/tex/latex/floatrow/floatrow.sty
Package: floatrow 2008/08/02 v0.3b floatrow: float package extension

(/usr/share/texlive/texmf-dist/tex/latex/caption/caption3.sty
Package: caption3 2020/01/03 v1.8h caption3 kernel (AR)
Package caption3 Info: TeX engine: e-TeX on input line 61.
\captionmargin=\dimen152
\captionmargin@=\dimen153
\captionwidth=\dimen154
\caption@tempdima=\dimen155
\caption@indent=\dimen156
\caption@parindent=\dimen157
\caption@hangindent=\dimen158
Package caption Info: Standard document class detected.
)
\c@float@type=\count191
\float@exts=\toks33
\float@box=\box47
\@floatcapt=\box48
Package floatrow Info: Modified float package code loaded on input line 455.
Package floatrow Info: Modified rotfloat package code loaded on input line 473.

\FR@everyfloat=\toks34
\flrow@foot=\insert199
\FB@wd=\dimen159
\FBo@wd=\dimen160
\FBc@wd=\dimen161
\FBo@ht=\skip55
\FBc@ht=\skip56
\FBf@ht=\skip57
\FBo@max=\skip58
\FBc@max=\skip59
\FBf@max=\skip60
\c@FBl@b=\count192
\floatbox@depth=\count193
\c@FRobj=\count194
\c@FRsobj=\count195
\Xhsize=\skip61
\sXhsize=\skip62
\Zhsize=\skip63
\sZhsize=\skip64
\flrow@rowbox=\box49
\FR@Zunitlength=\dimen162
\c@FBcnt=\count196
\FPOScnt=\count197
\LTleft=\skip65
\LTright=\skip66
\LTleft=\skip67
\LTright=\skip68
\flrow@types=\toks35
)
(/usr/share/texlive/texmf-dist/tex/latex/cancel/cancel.sty
Package: cancel 2013/04/12 v2.2 Cancel math terms
)
(/usr/share/texlive/texmf-dist/tex/latex/paralist/paralist.sty
Package: paralist 2017/01/22 v2.7 Extended list environments
\pltopsep=\skip69
\plpartopsep=\skip70
\plitemsep=\skip71
\plparsep=\skip72
\pl@lab=\toks36
)
(/usr/share/texlive/texmf-dist/tex/latex/pdfpages/pdfpages.sty
Package: pdfpages 2020/01/28 v0.5q Insert pages of external PDF documents (AM)

(/usr/share/texlive/texmf-dist/tex/latex/base/ifthen.sty
Package: ifthen 2014/09/29 v1.1c Standard LaTeX ifthen package (DPC)
)
(/usr/share/texlive/texmf-dist/tex/latex/tools/calc.sty
Package: calc 2017/05/25 v4.3 Infix arithmetic (KKT,FJ)
\calc@Acount=\count198
\calc@Bcount=\count266
\calc@Adimen=\dimen163
\calc@Bdimen=\dimen164
\calc@Askip=\skip73
\calc@Bskip=\skip74
LaTeX Info: Redefining \setlength on input line 80.
LaTeX Info: Redefining \addtolength on input line 81.
\calc@Ccount=\count267
\calc@Cskip=\skip75
)
(/usr/share/texlive/texmf-dist/tex/latex/eso-pic/eso-pic.sty
Package: eso-pic 2018/04/12 v2.0h eso-pic (RN)

(/usr/share/texlive/texmf-dist/tex/generic/atbegshi/atbegshi.sty
Package: atbegshi 2019/12/05 v1.19 At begin shipout hook (HO)

(/usr/share/texlive/texmf-dist/tex/generic/infwarerr/infwarerr.sty
Package: infwarerr 2019/12/03 v1.5 Providing info/warning/error messages (HO)
)
(/usr/share/texlive/texmf-dist/tex/generic/ltxcmds/ltxcmds.sty
Package: ltxcmds 2019/12/15 v1.24 LaTeX kernel commands for general use (HO)
)))
(/usr/share/texlive/texmf-dist/tex/latex/graphics/graphicx.sty
Package: graphicx 2019/11/30 v1.2a Enhanced LaTeX Graphics (DPC,SPQR)

(/usr/share/texlive/texmf-dist/tex/latex/graphics/graphics.sty
Package: graphics 2019/11/30 v1.4a Standard LaTeX Graphics (DPC,SPQR)

(/usr/share/texlive/texmf-dist/tex/latex/graphics/trig.sty
Package: trig 2016/01/03 v1.10 sin cos tan (DPC)
)
(/usr/share/texlive/texmf-dist/tex/latex/graphics-cfg/graphics.cfg
File: graphics.cfg 2016/06/04 v1.11 sample graphics configuration
)
Package graphics Info: Driver file: pdftex.def on input line 105.
)
\Gin@req@height=\dimen165
\Gin@req@width=\dimen166
)
\AM@pagewidth=\dimen167
\AM@pageheight=\dimen168

(/usr/share/texlive/texmf-dist/tex/latex/pdfpages/pppdftex.def
File: pppdftex.def 2020/01/28 v0.5q Pdfpages driver for pdfTeX (AM)
)
\AM@pagebox=\box50
\AM@global@opts=\toks37
\AM@pagecnt=\count268
\AM@toc@title=\toks38
\c@AM@survey=\count269
\AM@templatesizebox=\box51
)
(/usr/share/texlive/texmf-dist/tex/generic/iftex/ifpdf.sty
Package: ifpdf 2019/10/25 v3.4 ifpdf legacy package. Use iftex instead.
)
(/usr/share/texlive/texmf-dist/tex/latex/psfrag/psfrag.sty
Package: psfrag 1998/04/11 v3.04 PSfrag (MCG)
\pfg@pcount=\count270
\pfg@scount=\count271
\pfg@temp=\write3
)
(/usr/share/texlive/texmf-dist/tex/latex/epstopdf-pkg/epstopdf.sty
Package: epstopdf 2020-01-24 v2.11 Conversion with epstopdf on the fly (HO)

(/usr/share/texlive/texmf-dist/tex/latex/grfext/grfext.sty
Package: grfext 2019/12/03 v1.3 Manage graphics extensions (HO)

(/usr/share/texlive/texmf-dist/tex/generic/kvdefinekeys/kvdefinekeys.sty
Package: kvdefinekeys 2019-12-19 v1.6 Define keys (HO)
))
(/usr/share/texlive/texmf-dist/tex/latex/kvoptions/kvoptions.sty
Package: kvoptions 2019/11/29 v3.13 Key value format for package options (HO)

(/usr/share/texlive/texmf-dist/tex/generic/kvsetkeys/kvsetkeys.sty
Package: kvsetkeys 2019/12/15 v1.18 Key value parser (HO)
))
(/usr/share/texlive/texmf-dist/tex/latex/pdftexcmds/pdftexcmds.sty
Package: pdftexcmds 2019/11/24 v0.31 Utility functions of pdfTeX for LuaTeX (HO
)
Package pdftexcmds Info: \pdf@primitive is available.
Package pdftexcmds Info: \pdf@ifprimitive is available.
Package pdftexcmds Info: \pdfdraftmode found.
)
(/usr/share/texlive/texmf-dist/tex/latex/epstopdf-pkg/epstopdf-base.sty
Package: epstopdf-base 2020-01-24 v2.11 Base part for package epstopdf
Package epstopdf-base Info: Redefining graphics rule for `.eps' on input line 4
85.
Package grfext Info: Graphics extension search list:
(grfext)             [.pdf,.png,.jpg,.mps,.jpeg,.jbig2,.jb2,.PDF,.PNG,.JPG,.JPE
G,.JBIG2,.JB2,.eps]
(grfext)             \AppendGraphicsExtensions on input line 504.

(/usr/share/texlive/texmf-dist/tex/latex/latexconfig/epstopdf-sys.cfg
File: epstopdf-sys.cfg 2010/07/13 v1.3 Configuration of (r)epstopdf for TeX Liv
e
)))
(/usr/share/texlive/texmf-dist/tex/latex/titlesec/titlesec.sty
Package: titlesec 2019/10/16 v2.13 Sectioning titles
\ttl@box=\box52
\beforetitleunit=\skip76
\aftertitleunit=\skip77
\ttl@plus=\dimen169
\ttl@minus=\dimen170
\ttl@toksa=\toks39
\titlewidth=\dimen171
\titlewidthlast=\dimen172
\titlewidthfirst=\dimen173
)
(/usr/share/texlive/texmf-dist/tex/latex/titlesec/titletoc.sty
Package: titletoc 2019/10/16 v2.13 TOC entries
\ttl@leftsep=\dimen174
)
(/usr/share/texlive/texmf-dist/tex/latex/gastex/gastex.sty
Package: gastex 2006/11/28 v2.8
\c@cnt@a=\count272
\c@cnt@b=\count273
\c@cnt@c=\count274
\dim@x=\dimen175
\dim@y=\dimen176
\temp@box=\box53
\d@my@unit=\dimen177
\c@cnt@@a=\count275
\c@cnt@@b=\count276
\c@cnt@@c=\count277
)
(/usr/share/texlive/texmf-dist/tex/latex/bbold/bbold.sty
Package: bbold 1994/04/06 Bbold symbol package
LaTeX Font Info:    Redeclaring math alphabet \mathbb on input line 42.
)
(/usr/share/texlive/texmf-dist/tex/latex/tools/tabularx.sty
Package: tabularx 2020/01/15 v2.11c `tabularx' package (DPC)

(/usr/share/texlive/texmf-dist/tex/latex/tools/array.sty
Package: array 2019/08/31 v2.4l Tabular extension package (FMi)
\col@sep=\dimen178
\ar@mcellbox=\box54
\extrarowheight=\dimen179
\NC@list=\toks40
\extratabsurround=\skip78
\backup@length=\skip79
\ar@cellbox=\box55
)
\TX@col@width=\dimen180
\TX@old@table=\dimen181
\TX@old@col=\dimen182
\TX@target=\dimen183
\TX@delta=\dimen184
\TX@cols=\count278
\TX@ftn=\toks41
)
(/usr/share/texlive/texmf-dist/tex/latex/mwe/mwe.sty
Package: mwe 2018/03/30 v0.5 Package to support minimal working examples (MWE)

(/usr/share/texlive/texmf-dist/tex/latex/lipsum/lipsum.sty
(/usr/share/texlive/texmf-dist/tex/latex/l3kernel/expl3.sty
Package: expl3 2020-02-14 L3 programming layer (loader) 

(/usr/share/texlive/texmf-dist/tex/latex/l3backend/l3backend-pdfmode.def
File: l3backend-pdfmode.def 2020-02-03 L3 backend support: PDF mode
\l__kernel_color_stack_int=\count279
\l__pdf_internal_box=\box56
))
(/usr/share/texlive/texmf-dist/tex/latex/l3packages/xparse/xparse.sty
Package: xparse 2020-02-14 L3 Experimental document command parser
\l__xparse_current_arg_int=\count280
\g__xparse_grabber_int=\count281
\l__xparse_m_args_int=\count282
\l__xparse_v_nesting_int=\count283
)
Package: lipsum 2019/01/02 v2.2 150 paragraphs of Lorem Ipsum dummy text

(/usr/share/texlive/texmf-dist/tex/latex/lipsum/lipsum.ltd.tex
File: lipsum.ltd.tex 2019/01/02 v2.2 The Lorem ipsum dummy text
))
(/usr/share/texlive/texmf-dist/tex/latex/blindtext/blindtext.sty
Package: blindtext 2012/01/06 V2.0 blindtext-Package

(/usr/share/texlive/texmf-dist/tex/latex/tools/xspace.sty
Package: xspace 2014/10/28 v1.13 Space after command names (DPC,MH)
)
\c@blindtext=\count284
\c@Blindtext=\count285
\c@blind@countparstart=\count286
\blind@countxx=\count287
\blindtext@numBlindtext=\count288
\blind@countyy=\count289
\c@blindlist=\count290
\c@blindlistlevel=\count291
\c@blindlist@level=\count292
\blind@listitem=\count293
\c@blind@listcount=\count294
\c@blind@levelcount=\count295
\blind@mathformula=\count296
\blind@Mathformula=\count297
\c@blind@randomcount=\count298
\c@blind@randommax=\count299
\c@blind@pangramcount=\count300
\c@blind@pangrammax=\count301
))
(/usr/share/texlive/texmf-dist/tex/latex/wrapfig/wrapfig.sty
\wrapoverhang=\dimen185
\WF@size=\dimen186
\c@WF@wrappedlines=\count302
\WF@box=\box57
\WF@everypar=\toks42
Package: wrapfig 2003/01/31  v 3.6
)
(/usr/share/texlive/texmf-dist/tex/latex/framed/framed.sty
Package: framed 2011/10/22 v 0.96: framed or shaded text with page breaks
\OuterFrameSep=\skip80
\fb@frw=\dimen187
\fb@frh=\dimen188
\FrameRule=\dimen189
\FrameSep=\dimen190
)
(/usr/share/texlive/texmf-dist/tex/latex/booktabs/booktabs.sty
Package: booktabs 2020/01/12 v1.61803398 Publication quality tables
\heavyrulewidth=\dimen191
\lightrulewidth=\dimen192
\cmidrulewidth=\dimen193
\belowrulesep=\dimen194
\belowbottomsep=\dimen195
\aboverulesep=\dimen196
\abovetopsep=\dimen197
\cmidrulesep=\dimen198
\cmidrulekern=\dimen256
\defaultaddspace=\dimen257
\@cmidla=\count303
\@cmidlb=\count304
\@aboverulesep=\dimen258
\@belowrulesep=\dimen259
\@thisruleclass=\count305
\@lastruleclass=\count306
\@thisrulewidth=\dimen260
)
(/usr/share/texlive/texmf-dist/tex/latex/multirow/multirow.sty
Package: multirow 2019/05/31 v2.5 Span multiple rows of a table
\multirow@colwidth=\skip81
\multirow@cntb=\count307
\multirow@dima=\skip82
\bigstrutjot=\dimen261
)
(/usr/share/texlive/texmf-dist/tex/latex/tools/multicol.sty
Package: multicol 2019/12/09 v1.8y multicolumn formatting (FMi)
\c@tracingmulticols=\count308
\mult@box=\box58
\multicol@leftmargin=\dimen262
\c@unbalance=\count309
\c@collectmore=\count310
\doublecol@number=\count311
\multicoltolerance=\count312
\multicolpretolerance=\count313
\full@width=\dimen263
\page@free=\dimen264
\premulticols=\dimen265
\postmulticols=\dimen266
\multicolsep=\skip83
\multicolbaselineskip=\skip84
\partial@page=\box59
\last@line=\box60
\maxbalancingoverflow=\dimen267
\mult@rightbox=\box61
\mult@grightbox=\box62
\mult@gfirstbox=\box63
\mult@firstbox=\box64
\@tempa=\box65
\@tempa=\box66
\@tempa=\box67
\@tempa=\box68
\@tempa=\box69
\@tempa=\box70
\@tempa=\box71
\@tempa=\box72
\@tempa=\box73
\@tempa=\box74
\@tempa=\box75
\@tempa=\box76
\@tempa=\box77
\@tempa=\box78
\@tempa=\box79
\@tempa=\box80
\@tempa=\box81
\@tempa=\box82
\@tempa=\box83
\@tempa=\box84
\@tempa=\box85
\@tempa=\box86
\@tempa=\box87
\@tempa=\box88
\@tempa=\box89
\@tempa=\box90
\@tempa=\box91
\@tempa=\box92
\@tempa=\box93
\@tempa=\box94
\@tempa=\box95
\@tempa=\box96
\@tempa=\box97
\@tempa=\box98
\@tempa=\box99
\@tempa=\box100
\@tempa=\box101
\c@minrows=\count314
\c@columnbadness=\count315
\c@finalcolumnbadness=\count316
\last@try=\dimen268
\multicolovershoot=\dimen269
\multicolundershoot=\dimen270
\mult@nat@firstbox=\box102
\colbreak@box=\box103
\mc@col@check@num=\count317
) (./style/style.sty (/usr/share/texlive/texmf-dist/tex/latex/hyperref/hyperref
.sty
Package: hyperref 2020/01/14 v7.00d Hypertext links for LaTeX

(/usr/share/texlive/texmf-dist/tex/generic/pdfescape/pdfescape.sty
Package: pdfescape 2019/12/09 v1.15 Implements pdfTeX's escape features (HO)
)
(/usr/share/texlive/texmf-dist/tex/latex/hycolor/hycolor.sty
Package: hycolor 2020-01-27 v1.10 Color options for hyperref/bookmark (HO)
)
(/usr/share/texlive/texmf-dist/tex/latex/letltxmacro/letltxmacro.sty
Package: letltxmacro 2019/12/03 v1.6 Let assignment for LaTeX macros (HO)
)
(/usr/share/texlive/texmf-dist/tex/latex/auxhook/auxhook.sty
Package: auxhook 2019-12-17 v1.6 Hooks for auxiliary files (HO)
)
\@linkdim=\dimen271
\Hy@linkcounter=\count318
\Hy@pagecounter=\count319

(/usr/share/texlive/texmf-dist/tex/latex/hyperref/pd1enc.def
File: pd1enc.def 2020/01/14 v7.00d Hyperref: PDFDocEncoding definition (HO)
)
(/usr/share/texlive/texmf-dist/tex/generic/intcalc/intcalc.sty
Package: intcalc 2019/12/15 v1.3 Expandable calculations with integers (HO)
)
(/usr/share/texlive/texmf-dist/tex/generic/etexcmds/etexcmds.sty
Package: etexcmds 2019/12/15 v1.7 Avoid name clashes with e-TeX commands (HO)
)
\Hy@SavedSpaceFactor=\count320
\pdfmajorversion=\count321
Package hyperref Info: Option `colorlinks' set `false' on input line 4421.


Package hyperref Warning: Invalid value `0000'
(hyperref)                for option `pdfborder'.
(hyperref)                Option setting is ignored on input line 4421.

Package hyperref Info: Hyper figures OFF on input line 4547.
Package hyperref Info: Link nesting OFF on input line 4552.
Package hyperref Info: Hyper index ON on input line 4555.
Package hyperref Info: Plain pages OFF on input line 4562.
Package hyperref Info: Backreferencing OFF on input line 4567.
Package hyperref Info: Implicit mode ON; LaTeX internals redefined.
Package hyperref Info: Bookmarks ON on input line 4800.
\c@Hy@tempcnt=\count322
(/usr/share/texlive/texmf-dist/tex/latex/url/url.sty
\Urlmuskip=\muskip17
Package: url 2013/09/16  ver 3.4  Verb mode for urls, etc.
)
LaTeX Info: Redefining \url on input line 5159.
\XeTeXLinkMargin=\dimen272

(/usr/share/texlive/texmf-dist/tex/generic/bitset/bitset.sty
Package: bitset 2019/12/09 v1.3 Handle bit-vector datatype (HO)

(/usr/share/texlive/texmf-dist/tex/generic/bigintcalc/bigintcalc.sty
Package: bigintcalc 2019/12/15 v1.5 Expandable calculations on big integers (HO
)
))
\Fld@menulength=\count323
\Field@Width=\dimen273
\Fld@charsize=\dimen274
Package hyperref Info: Hyper figures OFF on input line 6430.
Package hyperref Info: Link nesting OFF on input line 6435.
Package hyperref Info: Hyper index ON on input line 6438.
Package hyperref Info: backreferencing OFF on input line 6445.
Package hyperref Info: Link coloring OFF on input line 6450.
Package hyperref Info: Link coloring with OCG OFF on input line 6455.
Package hyperref Info: PDF/A mode OFF on input line 6460.
LaTeX Info: Redefining \ref on input line 6500.
LaTeX Info: Redefining \pageref on input line 6504.
\Hy@abspage=\count324
\c@Item=\count325
\c@Hfootnote=\count326
)
Package hyperref Info: Driver (autodetected): hpdftex.

(/usr/share/texlive/texmf-dist/tex/latex/hyperref/hpdftex.def
File: hpdftex.def 2020/01/14 v7.00d Hyperref driver for pdfTeX

(/usr/share/texlive/texmf-dist/tex/latex/atveryend/atveryend.sty
Package: atveryend 2019-12-11 v1.11 Hooks at the very end of document (HO)
Package atveryend Info: \enddocument detected (standard20110627).
)
\Fld@listcount=\count327
\c@bookmark@seq@number=\count328

(/usr/share/texlive/texmf-dist/tex/latex/rerunfilecheck/rerunfilecheck.sty
Package: rerunfilecheck 2019/12/05 v1.9 Rerun checks for auxiliary files (HO)

(/usr/share/texlive/texmf-dist/tex/generic/uniquecounter/uniquecounter.sty
Package: uniquecounter 2019/12/15 v1.4 Provide unlimited unique counter (HO)
)
Package uniquecounter Info: New unique counter `rerunfilecheck' on input line 2
86.
)
\Hy@SectionHShift=\skip85
)
(/usr/share/texlive/texmf-dist/tex/latex/algorithms/algorithmic.sty
Package: algorithmic 2009/08/24 v0.1 Document Style `algorithmic'
\c@ALC@unique=\count329
\c@ALC@line=\count330
\c@ALC@rem=\count331
\c@ALC@depth=\count332
\ALC@tlm=\skip86
\algorithmicindent=\skip87
)
(/usr/share/texlive/texmf-dist/tex/latex/algorithms/algorithm.sty
Package: algorithm 2009/08/24 v0.1 Document Style `algorithm' - floating enviro
nment
\c@algorithm=\count333
)
(/usr/share/texlive/texmf-dist/tex/latex/listings/listings.sty
\lst@mode=\count334
\lst@gtempboxa=\box104
\lst@token=\toks43
\lst@length=\count335
\lst@currlwidth=\dimen275
\lst@column=\count336
\lst@pos=\count337
\lst@lostspace=\dimen276
\lst@width=\dimen277
\lst@newlines=\count338
\lst@lineno=\count339
\lst@maxwidth=\dimen278

(/usr/share/texlive/texmf-dist/tex/latex/listings/lstmisc.sty
File: lstmisc.sty 2019/09/10 1.8c (Carsten Heinz)
\c@lstnumber=\count340
\lst@skipnumbers=\count341
\lst@framebox=\box105
)
(/usr/share/texlive/texmf-dist/tex/latex/listings/listings.cfg
File: listings.cfg 2019/09/10 1.8c listings configuration
))
Package: listings 2019/09/10 1.8c (Carsten Heinz)

(/usr/share/texlive/texmf-dist/tex/latex/listings/lstlang1.sty
File: lstlang1.sty 2019/09/10 1.8c listings language file
)
(/usr/share/texlive/texmf-dist/tex/latex/thmtools/thmtools.sty
Package: thmtools 2019/12/22 v68
\thmt@toks=\toks44
\c@thmt@dummyctr=\count342

(/usr/share/texlive/texmf-dist/tex/latex/thmtools/thm-patch.sty
Package: thm-patch 2019/12/22 v68

(/usr/share/texlive/texmf-dist/tex/latex/thmtools/parseargs.sty
Package: parseargs 2019/12/22 v68
\@parsespec=\toks45
))
(/usr/share/texlive/texmf-dist/tex/latex/thmtools/thm-kv.sty
Package: thm-kv 2019/12/22 v68
Package thm-kv Info: Theorem names will be uppercased on input line 39.
Package thm-kv Info: kvsetkeys patch (v1.16 or later) on input line 155.
)
(/usr/share/texlive/texmf-dist/tex/latex/thmtools/thm-autoref.sty
Package: thm-autoref 2019/12/22 v68

(/usr/share/texlive/texmf-dist/tex/latex/thmtools/aliasctr.sty
Package: aliasctr 2019/12/22 v68
))
(/usr/share/texlive/texmf-dist/tex/latex/thmtools/thm-listof.sty
Package: thm-listof 2019/12/22 v68
)
(/usr/share/texlive/texmf-dist/tex/latex/thmtools/thm-restate.sty
Package: thm-restate 2019/12/22 v68
)
(/usr/share/texlive/texmf-dist/tex/latex/thmtools/thm-amsthm.sty
Package: thm-amsthm 2019/12/22 v68
\thmt@style@headstyle=\toks46
))
Package thmtools Info: Key `mdframed' (with value ` skipabove=2pt, skipbelow=2p
t, hidealllines=false, backgroundcolor={orange!15}, innerleftmargin=2pt, innerr
ightmargin=2pt')
(thmtools)             is not a known style key.
(thmtools)             Will pass this to every \declaretheorem
(thmtools)             that uses `style=def' on input line 118.
Package thmtools Info: Key `mdframed' (with value ` skipabove=2pt, skipbelow=2p
t, hidealllines=false, backgroundcolor={blue!10}, innerleftmargin=2pt, innerrig
htmargin=2pt')
(thmtools)             is not a known style key.
(thmtools)             Will pass this to every \declaretheorem
(thmtools)             that uses `style=sat' on input line 133.
Package thmtools Info: Key `mdframed' (with value ` skipabove=2pt, skipbelow=2p
t, hidealllines=false, backgroundcolor={green!10}, innerleftmargin=2pt, innerri
ghtmargin=2pt')
(thmtools)             is not a known style key.
(thmtools)             Will pass this to every \declaretheorem
(thmtools)             that uses `style=lem' on input line 148.
Package thmtools Info: Key `mdframed' (with value ` skipabove=2pt, skipbelow=2p
t, hidealllines=false, backgroundcolor={green!0}, innerleftmargin=2pt, innerrig
htmargin=2pt')
(thmtools)             is not a known style key.
(thmtools)             Will pass this to every \declaretheorem
(thmtools)             that uses `style=kor' on input line 163.
Package thmtools Info: Automatically pulling in `thmdef-mdframed' on input line
 166.

(/usr/share/texlive/texmf-dist/tex/latex/thmtools/thmdef-mdframed.sty
Package: thmdef-mdframed 2019/12/22 v68
)
\c@satz=\count343

(/usr/share/texlive/texmf-dist/tex/latex/mdframed/mdframed.sty
Package: mdframed 2013/07/01 1.9b: mdframed

(/usr/share/texlive/texmf-dist/tex/latex/etoolbox/etoolbox.sty
Package: etoolbox 2019/09/21 v2.5h e-TeX tools for LaTeX (JAW)
\etb@tempcnta=\count344
)
(/usr/share/texlive/texmf-dist/tex/latex/zref/zref-abspage.sty
Package: zref-abspage 2019/11/29 v2.28 Module abspage for zref (HO)

(/usr/share/texlive/texmf-dist/tex/latex/zref/zref-base.sty
Package: zref-base 2019/11/29 v2.28 Module base for zref (HO)
Package zref Info: New property list: main on input line 763.
Package zref Info: New property: default on input line 764.
Package zref Info: New property: page on input line 765.
)
\c@abspage=\count345
Package zref Info: New property: abspage on input line 66.
)
(/usr/share/texlive/texmf-dist/tex/latex/needspace/needspace.sty
Package: needspace 2010/09/12 v1.3d reserve vertical space
)
\mdf@templength=\skip88
\c@mdf@globalstyle@cnt=\count346
\mdf@skipabove@length=\skip89
\mdf@skipbelow@length=\skip90
\mdf@leftmargin@length=\skip91
\mdf@rightmargin@length=\skip92
\mdf@innerleftmargin@length=\skip93
\mdf@innerrightmargin@length=\skip94
\mdf@innertopmargin@length=\skip95
\mdf@innerbottommargin@length=\skip96
\mdf@splittopskip@length=\skip97
\mdf@splitbottomskip@length=\skip98
\mdf@outermargin@length=\skip99
\mdf@innermargin@length=\skip100
\mdf@linewidth@length=\skip101
\mdf@innerlinewidth@length=\skip102
\mdf@middlelinewidth@length=\skip103
\mdf@outerlinewidth@length=\skip104
\mdf@roundcorner@length=\skip105
\mdf@footenotedistance@length=\skip106
\mdf@userdefinedwidth@length=\skip107
\mdf@needspace@length=\skip108
\mdf@frametitleaboveskip@length=\skip109
\mdf@frametitlebelowskip@length=\skip110
\mdf@frametitlerulewidth@length=\skip111
\mdf@frametitleleftmargin@length=\skip112
\mdf@frametitlerightmargin@length=\skip113
\mdf@shadowsize@length=\skip114
\mdf@extratopheight@length=\skip115
\mdf@subtitleabovelinewidth@length=\skip116
\mdf@subtitlebelowlinewidth@length=\skip117
\mdf@subtitleaboveskip@length=\skip118
\mdf@subtitlebelowskip@length=\skip119
\mdf@subtitleinneraboveskip@length=\skip120
\mdf@subtitleinnerbelowskip@length=\skip121
\mdf@subsubtitleabovelinewidth@length=\skip122
\mdf@subsubtitlebelowlinewidth@length=\skip123
\mdf@subsubtitleaboveskip@length=\skip124
\mdf@subsubtitlebelowskip@length=\skip125
\mdf@subsubtitleinneraboveskip@length=\skip126
\mdf@subsubtitleinnerbelowskip@length=\skip127

(/usr/share/texlive/texmf-dist/tex/latex/mdframed/md-frame-0.mdf
File: md-frame-0.mdf 2013/07/01\ 1.9b: md-frame-0
)
\mdf@frametitlebox=\box106
\mdf@footnotebox=\box107
\mdf@splitbox@one=\box108
\mdf@splitbox@two=\box109
\mdf@splitbox@save=\box110
\mdfsplitboxwidth=\skip128
\mdfsplitboxtotalwidth=\skip129
\mdfsplitboxheight=\skip130
\mdfsplitboxdepth=\skip131
\mdfsplitboxtotalheight=\skip132
\mdfframetitleboxwidth=\skip133
\mdfframetitleboxtotalwidth=\skip134
\mdfframetitleboxheight=\skip135
\mdfframetitleboxdepth=\skip136
\mdfframetitleboxtotalheight=\skip137
\mdffootnoteboxwidth=\skip138
\mdffootnoteboxtotalwidth=\skip139
\mdffootnoteboxheight=\skip140
\mdffootnoteboxdepth=\skip141
\mdffootnoteboxtotalheight=\skip142
\mdftotallinewidth=\skip143
\mdfboundingboxwidth=\skip144
\mdfboundingboxtotalwidth=\skip145
\mdfboundingboxheight=\skip146
\mdfboundingboxdepth=\skip147
\mdfboundingboxtotalheight=\skip148
\mdf@freevspace@length=\skip149
\mdf@horizontalwidthofbox@length=\skip150
\mdf@verticalmarginwhole@length=\skip151
\mdf@horizontalspaceofbox=\skip152
\mdfsubtitleheight=\skip153
\mdfsubsubtitleheight=\skip154
\c@mdfcountframes=\count347

****** mdframed patching \endmdf@trivlist

****** -- success******

\mdf@envdepth=\count348
\c@mdf@env@i=\count349
\c@mdf@env@ii=\count350
\c@mdf@zref@counter=\count351
Package zref Info: New property: mdf@pagevalue on input line 895.
)
\c@lemma=\count352
\c@korollar=\count353
)
(./style/style_2.sty
(/usr/share/texlive/texmf-dist/tex/latex/caption/caption.sty
Package: caption 2020/01/03 v3.4h Customizing captions (AR)
\c@caption@flags=\count354
\c@continuedfloat=\count355
Package caption Info: float package is loaded.
Package caption Info: floatrow package is loaded.
Package caption Info: hyperref package is loaded.
Package caption Info: listings package is loaded.
Package caption Info: wrapfig package is loaded.
))
(/usr/share/texlive/texmf-dist/tex/generic/babel/babel.sty
Package: babel 2020/02/14 3.40 The Babel package

(/usr/share/texlive/texmf-dist/tex/generic/babel/switch.def
File: switch.def 2020/02/14 3.40 Babel switching mechanism
)
(/usr/share/texlive/texmf-dist/tex/generic/babel-english/english.ldf
Language: english 2017/06/06 v3.3r English support from the babel system

(/usr/share/texlive/texmf-dist/tex/generic/babel/babel.def
File: babel.def 2020/02/14 3.40 Babel common definitions
\babel@savecnt=\count356
\U@D=\dimen279

(/usr/share/texlive/texmf-dist/tex/generic/babel/txtbabel.def)
\bbl@readstream=\read2
\bbl@dirlevel=\count357
)
Package babel Info: \l@canadian = using hyphenrules for english
(babel)             (\language0) on input line 102.
Package babel Info: \l@australian = using hyphenrules for ukenglish
(babel)             (\language5) on input line 105.
Package babel Info: \l@newzealand = using hyphenrules for ukenglish
(babel)             (\language5) on input line 108.
)
(/usr/share/texlive/texmf-dist/tex/generic/babel-german/german.ldf
Language: german 2018/12/08 v2.11 German support for babel (pre-1996 orthograph
y)

(/usr/share/texlive/texmf-dist/tex/generic/babel-german/germanb.ldf
Language: germanb 2018/12/08 v2.11 German support for babel (pre-1996 orthograp
hy)
Package babel Info: Making " an active character on input line 135.
)))
(./main_2.aux)
\openout1 = `main_2.aux'.

LaTeX Font Info:    Checking defaults for OML/cmm/m/it on input line 47.
LaTeX Font Info:    ... okay on input line 47.
LaTeX Font Info:    Checking defaults for OMS/cmsy/m/n on input line 47.
LaTeX Font Info:    ... okay on input line 47.
LaTeX Font Info:    Checking defaults for OT1/cmr/m/n on input line 47.
LaTeX Font Info:    ... okay on input line 47.
LaTeX Font Info:    Checking defaults for T1/cmr/m/n on input line 47.
LaTeX Font Info:    ... okay on input line 47.
LaTeX Font Info:    Checking defaults for TS1/cmr/m/n on input line 47.
LaTeX Font Info:    ... okay on input line 47.
LaTeX Font Info:    Checking defaults for OMX/cmex/m/n on input line 47.
LaTeX Font Info:    ... okay on input line 47.
LaTeX Font Info:    Checking defaults for U/cmr/m/n on input line 47.
LaTeX Font Info:    ... okay on input line 47.
LaTeX Font Info:    Checking defaults for PD1/pdf/m/n on input line 47.
LaTeX Font Info:    ... okay on input line 47.

*geometry* driver: auto-detecting
*geometry* detected driver: pdftex
*geometry* verbose mode - [ preamble ] result:
* driver: pdftex
* paper: custom
* layout: <same size as paper>
* layoutoffset:(h,v)=(0.0pt,0.0pt)
* modes: 
* h-part:(L,W,R)=(11.38109pt, 375.5764pt, 11.38109pt)
* v-part:(T,H,B)=(8.53581pt, 816.59412pt, 19.91692pt)
* \paperwidth=398.33858pt
* \paperheight=845.04684pt
* \textwidth=375.5764pt
* \textheight=816.59412pt
* \oddsidemargin=-60.8889pt
* \evensidemargin=-60.8889pt
* \topmargin=-100.73418pt
* \headheight=12.0pt
* \headsep=25.0pt
* \topskip=11.0pt
* \footskip=30.0pt
* \marginparwidth=59.0pt
* \marginparsep=10.0pt
* \columnsep=24.0pt
* \skip\footins=10.0pt plus 4.0pt minus 2.0pt
* \hoffset=0.0pt
* \voffset=0.0pt
* \mag=1000
* \@twocolumnfalse
* \@twosidefalse
* \@mparswitchfalse
* \@reversemarginfalse
* (1in=72.27pt=25.4mm, 1cm=28.453pt)

(/usr/share/texlive/texmf-dist/tex/latex/ucs/ucsencs.def
File: ucsencs.def 2011/01/21 Fixes to fontencodings LGR, T3
)
(/usr/share/texlive/texmf-dist/tex/context/base/mkii/supp-pdf.mkii
[Loading MPS to PDF converter (version 2006.09.02).]
\scratchcounter=\count358
\scratchdimen=\dimen280
\scratchbox=\box111
\nofMPsegments=\count359
\nofMParguments=\count360
\everyMPshowfont=\toks47
\MPscratchCnt=\count361
\MPscratchDim=\dimen281
\MPnumerator=\count362
\makeMPintoPDFobject=\count363
\everyMPtoPDFconversion=\toks48
)
Package caption Info: Begin \AtBeginDocument code.
Package caption Info: End \AtBeginDocument code.
\AtBeginShipoutBox=\box112
 (/usr/share/texlive/texmf-dist/tex/latex/pdflscape/pdflscape.sty
Package: pdflscape 2019/12/05 v0.12 Display of landscape pages in PDF (HO)

(/usr/share/texlive/texmf-dist/tex/latex/graphics/lscape.sty
Package: lscape 2000/10/22 v3.01 Landscape Pages (DPC)
)
Package pdflscape Info: Auto-detected driver: pdftex on input line 81.
)
Package hyperref Info: Link coloring OFF on input line 47.

(/usr/share/texlive/texmf-dist/tex/latex/hyperref/nameref.sty
Package: nameref 2019/09/16 v2.46 Cross-referencing by name of section

(/usr/share/texlive/texmf-dist/tex/latex/refcount/refcount.sty
Package: refcount 2019/12/15 v3.6 Data extraction from label references (HO)
)
(/usr/share/texlive/texmf-dist/tex/generic/gettitlestring/gettitlestring.sty
Package: gettitlestring 2019/12/15 v1.6 Cleanup title references (HO)
)
\c@section@level=\count364
)
LaTeX Info: Redefining \ref on input line 47.
LaTeX Info: Redefining \pageref on input line 47.
LaTeX Info: Redefining \nameref on input line 47.

(./main_2.out) (./main_2.out)
\@outlinefile=\write4
\openout4 = `main_2.out'.

\c@lstlisting=\count365
LaTeX Font Info:    Trying to load font information for U+msa on input line 54.


(/usr/share/texlive/texmf-dist/tex/latex/amsfonts/umsa.fd
File: umsa.fd 2013/01/14 v3.01 AMS symbols A
)
LaTeX Font Info:    Trying to load font information for U+msb on input line 54.


(/usr/share/texlive/texmf-dist/tex/latex/amsfonts/umsb.fd
File: umsb.fd 2013/01/14 v3.01 AMS symbols B
)
LaTeX Font Info:    Trying to load font information for U+esvect on input line 
54.

(/usr/share/texlive/texmf-dist/tex/latex/esvect/uesvect.fd
File: uesvect.fd 
)
(./src2/w1_wahrscheinlichkeit.tex
Package hyperref Info: bookmark level for unknown definition defaults to 0 on i
nput line 10.

(/usr/share/texlive/texmf-dist/tex/latex/ucs/data/uni-0.def
File: uni-0.def 2013/05/13 UCS: Unicode data U+0000..U+00FF
)
Overfull \hbox (18.88513pt too wide) in paragraph at lines 11--12
[]\OT1/cmr/bx/n/10.95 Ereignisraum: []\OT1/cmr/m/n/10.95 Der \OT1/cmr/m/it/10.9
5 Er-eig-nis-raum \OT1/cmr/m/n/10.95 oder \OT1/cmr/m/it/10.95 Grund-raum $\OT1/
cmr/m/n/10.95 
$ ist die Men-ge al-ler m[]oglichen
 []

LaTeX Font Info:    Trying to load font information for U+bbold on input line 2
9.
(/usr/share/texlive/texmf-dist/tex/latex/bbold/Ubbold.fd)
Overfull \hbox (2.0921pt too wide) in paragraph at lines 29--31
[]\OT1/cmr/bx/n/10.95 Wahrscheinlichkeitsmass: []\OT1/cmr/m/n/10.95 Ein \OT1/cm
r/m/it/10.95 Wahr-schein-lich-keits-mass $\U/bbold/m/n/10.95 P$ \OT1/cmr/m/n/10
.95 ist ei-ne Ab-bil-dung
 []

Package hyperref Info: bookmark level for unknown theorem defaults to 0 on inpu
t line 73.
[1
Non-PDF special ignored!
<special> header=psfrag.pro

Non-PDF special ignored!
<special> header=gastex.pro
{/var/lib/texmf/fonts/map/pdftex/updmap/pdftex.map}]
<images/prior_posterior.png, id=255, 2246.3925pt x 1005.7575pt>
File: images/prior_posterior.png Graphic file (type png)
<use images/prior_posterior.png>
Package pdftex.def Info: images/prior_posterior.png  used on input line 88.
(pdftex.def)             Requested size: 187.7882pt x 84.0687pt.
)
(./src2/w2_zufallsvariablen.tex

Package hyperref Warning: Token not allowed in a PDF string (PDFDocEncoding):
(hyperref)                removing `math shift' on input line 7.

Package hyperref Info: bookmark level for unknown tnote defaults to 0 on input 
line 22.

Overfull \hbox (1.70798pt too wide) in paragraph at lines 60--61
\OT1/cmr/m/n/10.95 Eine Zu-falls-va-ria-ble $\OML/cmm/m/it/10.95 X$ \OT1/cmr/m/
n/10.95 heisst \OT1/cmr/m/it/10.95 dis-kret\OT1/cmr/m/n/10.95 , falls $
$ und so-mit auch $\OMS/cmsy/m/n/10.95 W\OT1/cmr/m/n/10.95 (\OML/cmm/m/it/10.95
 X\OT1/cmr/m/n/10.95 ) = \OMS/cmsy/m/n/10.95 f\OML/cmm/m/it/10.95 x[]; x[] []\O
MS/cmsy/m/n/10.95 g$
 []

[2 <./images/prior_posterior.png>] [3]) (./src2/w3_wichtige_verteilungen.tex
Package hyperref Info: bookmark level for unknown example defaults to 0 on inpu
t line 30.

Overfull \hbox (4.24821pt too wide) in paragraph at lines 76--77
\OT1/cmr/m/n/10.95 Die Ge-wichts-funk-ti-on $\OML/cmm/m/it/10.95 p[]$ \OT1/cmr/
m/n/10.95 ei-ner binomial-verteilten Zu-falls-va-ria-ble $\OML/cmm/m/it/10.95 X
 \OMS/cmsy/m/n/10.95 ^^X \OML/cmm/m/it/10.95 Bin\OT1/cmr/m/n/10.95 (\OML/cmm/m/
it/10.95 n; p\OT1/cmr/m/n/10.95 )$
 []


Package amsmath Warning: Foreign command \atopwithdelims;
(amsmath)                \frac or \genfrac should be used instead
(amsmath)                 on input line 78.

[4] [5] [6] [7]) (./src2/w4_mehrdim_zufallsvariablen.tex

Package hyperref Warning: Token not allowed in a PDF string (PDFDocEncoding):
(hyperref)                removing `math shift' on input line 7.


Package hyperref Warning: Token not allowed in a PDF string (PDFDocEncoding):
(hyperref)                removing `superscript' on input line 7.


Package amsmath Warning: Cannot use `split' here;
(amsmath)                trying to recover with `aligned' on input line 18.


Package amsmath Warning: Cannot use `split' here;
(amsmath)                trying to recover with `aligned' on input line 44.

[8] [9]) (./src2/w5_funktionen.tex [10]

Package amsmath Warning: Cannot use `split' here;
(amsmath)                trying to recover with `aligned' on input line 94.


Package amsmath Warning: Cannot use `split' here;
(amsmath)                trying to recover with `aligned' on input line 107.

) (./src2/w6_grenzwertsaetze.tex [11]

Package amsmath Warning: Cannot use `split' here;
(amsmath)                trying to recover with `aligned' on input line 96.


Package amsmath Warning: Cannot use `split' here;
(amsmath)                trying to recover with `aligned' on input line 127.

[12]) (./src2/s1_grundlagen.texpdfTeX warning (ext4): destination with the same
 identifier (name{section.1}) has been already used, duplicate ignored
<to be read again> 
                   \relax 
l.7 \section{Grundlagen}
                        
Overfull \hbox (1.76422pt too wide) in paragraph at lines 15--17
[]\OT1/cmr/bx/n/10.95 Hinweis: []\OT1/cmr/m/n/10.95 Man muss im-mer sau-ber un-
ter-schei-den zwi-schen den \OT1/cmr/m/it/10.95 Da-ten $\OML/cmm/m/it/10.95 x[]
; [] ; x[]$
 []

pdfTeX warning (ext4): destination with the same identifier (name{section.2}) h
as been already used, duplicate ignored
<to be read again> 
                   \relax 
l.56 \section{Statistik}
                        pdfTeX warning (ext4): destination with the same identi
fier (name{subsection.2.1}) has been already used, duplicate ignored
<to be read again> 
                   \relax 
l.58 \subsection{Schätzer}
                            [13]pdfTeX warning (ext4): destination with the sam
e identifier (name{subsection.2.2}) has been already used, duplicate ignored
<to be read again> 
                   \relax 
l.114 \subsection{Tests}
                         [14] [15] [16]pdfTeX warning (ext4): destination with 
the same identifier (name{subsection.2.3}) has been already used, duplicate ign
ored
<to be read again> 
                   \relax 
l.283 \subsection{Konfidenzbereiche}
                                    
Underfull \hbox (badness 10000) in paragraph at lines 284--285

 []

) (./src2/s2_schaetzer.tex) (./src2/s3_tests.texpdfTeX warning (ext4): destinat
ion with the same identifier (name{section.3}) has been already used, duplicate
 ignored
<to be read again> 
                   \relax 
l.7 \section{Tests}
                   pdfTeX warning (ext4): destination with the same identifier 
(name{subsection.3.1}) has been already used, duplicate ignored
<to be read again> 
                   \relax 
l.9 \subsection{Grundlagen}
                            [17]pdfTeX warning (ext4): destination with the sam
e identifier (name{subsection.3.2}) has been already used, duplicate ignored
<to be read again> 
                   \relax 
l.68 \subsection{Konstruktion von Tests \((T,K)\)}
                                                  

Package hyperref Warning: Token not allowed in a PDF string (PDFDocEncoding):
(hyperref)                removing `math shift' on input line 68.

[18]
Overfull \hbox (4.00916pt too wide) in paragraph at lines 202--205
[]\OT1/cmr/bx/n/10.95 gepaart: []\OT1/cmr/m/n/10.95 Sei-en $(\OML/cmm/m/it/10.9
5 X[]; Y[]\OT1/cmr/m/n/10.95 ) [] (\OML/cmm/m/it/10.95 X[]; Y[]\OT1/cmr/m/n/10.
95 )$ nat[]urliche Paa-re von ZV mit $\OML/cmm/m/it/10.95 X[]; [] ; X[] []
 []

[19]pdfTeX warning (ext4): destination with the same identifier (name{section.4
}) has been already used, duplicate ignored
<to be read again> 
                   \relax 
l.271 \section{Konfidenzbereiche}
                                 ) (./src2/a1_anhang.texpdfTeX warning (ext4): 
destination with the same identifier (name{section.1}) has been already used, d
uplicate ignored
<to be read again> 
                   \relax 
l.18 \section{Kombinatorik}
                           pdfTeX warning (ext4): destination with the same ide
ntifier (name{section.2}) has been already used, duplicate ignored
<to be read again> 
                   \relax 
l.35 \section{Reihen}
                     pdfTeX warning (ext4): destination with the same identifie
r (name{section.3}) has been already used, duplicate ignored
<to be read again> 
                   \relax 
l.54 \section{Ableitung, Integration}
                                      [20]pdfTeX warning (ext4): destination wi
th the same identifier (name{section.4}) has been already used, duplicate ignor
ed
<to be read again> 
                   \relax 
l.130 ...teilungs-/Momentenerzeugende Funktionen}}
                                                  ) (./src/rest.tex [21]pdfTeX 
warning (ext4): destination with the same identifier (name{section.5}) has been
 already used, duplicate ignored
<to be read again> 
                   \relax 
l.3 \section{Nützlich}
                       
Underfull \hbox (badness 10000) in paragraph at lines 9--10

 []


Underfull \hbox (badness 10000) in paragraph at lines 18--19

 []


Underfull \hbox (badness 10000) in paragraph at lines 20--21

 []


Underfull \hbox (badness 10000) in paragraph at lines 22--23

 []


Underfull \hbox (badness 10000) in paragraph at lines 33--34

 []


Underfull \hbox (badness 10000) in paragraph at lines 39--40

 []

pdfTeX warning (ext4): destination with the same identifier (name{section.6}) h
as been already used, duplicate ignored
<to be read again> 
                   \relax 
l.41 \section{Schätzer Rezepte}
                                pdfTeX warning (ext4): destination with the sam
e identifier (name{subsection.6.1}) has been already used, duplicate ignored
<to be read again> 
                   \relax 
l.43 \subsection{Maximum Likelihood Schätzer}
                                               [22]pdfTeX warning (ext4): desti
nation with the same identifier (name{subsection.6.2}) has been already used, d
uplicate ignored
<to be read again> 
                   \relax 
l.52 ...tenschätzer mit zentralen/rohen Momenten}
                                                  
Underfull \hbox (badness 10000) in paragraph at lines 56--57

 []

<images/normal.png, id=568, 723.70375pt x 402.50375pt>
File: images/normal.png Graphic file (type png)
<use images/normal.png>
Package pdftex.def Info: images/normal.png  used on input line 98.
(pdftex.def)             Requested size: 300.46227pt x 167.10963pt.
[23]
Underfull \hbox (badness 10000) in paragraph at lines 104--105

 []


Underfull \hbox (badness 10000) in paragraph at lines 123--124

 []


Underfull \hbox (badness 10000) in paragraph at lines 125--126

 []


Overfull \hbox (11.42456pt too wide) in paragraph at lines 127--128
[]\OT1/cmr/m/n/10.95 Auch: Falls $\OML/cmm/m/it/10.95 H[] \OT1/cmr/m/n/10.95 : 
\OML/cmm/m/it/10.95 p \OT1/cmr/m/n/10.95 = 123$, $\OML/cmm/m/it/10.95 H[] \OT1/
cmr/m/n/10.95 : \OML/cmm/m/it/10.95 p < \OT1/cmr/m/n/10.95 123$ Mit Sta-ti-stik
 $\OML/cmm/m/it/10.95 P[]\OT1/cmr/m/n/10.95 [\OML/cmm/m/it/10.95 T \OMS/cmsy/m/
n/10.95 ^^T []\OT1/cmr/m/n/10.95 ]$.
 []


Underfull \hbox (badness 10000) in paragraph at lines 127--128

 []


Underfull \hbox (badness 10000) in paragraph at lines 129--130

 []


Overfull \hbox (0.77477pt too wide) in paragraph at lines 133--133
|[]\OT1/cmr/bx/n/14.4 Beispiel Test-sta-ti-stik mit Likelihood-Quotienten
 []

<images/likelihood1.png, id=574, 491.8375pt x 106.3975pt>
File: images/likelihood1.png Graphic file (type png)
<use images/likelihood1.png>
Package pdftex.def Info: images/likelihood1.png  used on input line 137.
(pdftex.def)             Requested size: 150.22826pt x 32.49745pt.
<images/likelihood2.png, id=575, 1077.02374pt x 591.20876pt>
File: images/likelihood2.png Graphic file (type png)
<use images/likelihood2.png>
Package pdftex.def Info: images/likelihood2.png  used on input line 139.
(pdftex.def)             Requested size: 375.5764pt x 206.16838pt.
[24 <./images/normal.png>]) (./src2/a3_alte_pruefungen.tex
<old_exams_prtsrc/aufgaben/tei_infk_so17_pr-3.png, id=581, 1265.72874pt x 1877.
0125pt>
File: old_exams_prtsrc/aufgaben/tei_infk_so17_pr-3.png Graphic file (type png)
<use old_exams_prtsrc/aufgaben/tei_infk_so17_pr-3.png>
Package pdftex.def Info: old_exams_prtsrc/aufgaben/tei_infk_so17_pr-3.png  used
 on input line 6.
(pdftex.def)             Requested size: 274.36673pt x 406.8744pt.
<old_exams_prtsrc/aufgaben/tei_infk_so17_pr-4.png, id=582, 1225.57875pt x 1782.
66pt>
File: old_exams_prtsrc/aufgaben/tei_infk_so17_pr-4.png Graphic file (type png)
<use old_exams_prtsrc/aufgaben/tei_infk_so17_pr-4.png>
Package pdftex.def Info: old_exams_prtsrc/aufgaben/tei_infk_so17_pr-4.png  used
 on input line 7.
(pdftex.def)             Requested size: 279.7266pt x 406.8744pt.
<old_exams_prtsrc/aufgaben/tei_infk_so17_pr-5.png, id=583, 1239.63126pt x 657.4
5625pt>
File: old_exams_prtsrc/aufgaben/tei_infk_so17_pr-5.png Graphic file (type png)
<use old_exams_prtsrc/aufgaben/tei_infk_so17_pr-5.png>
Package pdftex.def Info: old_exams_prtsrc/aufgaben/tei_infk_so17_pr-5.png  used
 on input line 8.
(pdftex.def)             Requested size: 300.46227pt x 159.34767pt.
<old_exams_prtsrc/aufgaben/tei_infk_so17_pr-6.png, id=584, 1303.87125pt x 1083.
04625pt>
File: old_exams_prtsrc/aufgaben/tei_infk_so17_pr-6.png Graphic file (type png)
<use old_exams_prtsrc/aufgaben/tei_infk_so17_pr-6.png>
Package pdftex.def Info: old_exams_prtsrc/aufgaben/tei_infk_so17_pr-6.png  used
 on input line 9.
(pdftex.def)             Requested size: 300.46227pt x 249.57465pt.
<old_exams_prtsrc/aufgaben/tei_infk_so17_pr-7.png, id=585, 1102.1175pt x 728.72
25pt>
File: old_exams_prtsrc/aufgaben/tei_infk_so17_pr-7.png Graphic file (type png)
<use old_exams_prtsrc/aufgaben/tei_infk_so17_pr-7.png>
Package pdftex.def Info: old_exams_prtsrc/aufgaben/tei_infk_so17_pr-7.png  used
 on input line 10.
(pdftex.def)             Requested size: 300.46227pt x 198.65912pt.
<old_exams_prtsrc/aufgaben/tei_infk_so17_pr-8.png, id=586, 1298.8525pt x 1477.5
2pt>
File: old_exams_prtsrc/aufgaben/tei_infk_so17_pr-8.png Graphic file (type png)
<use old_exams_prtsrc/aufgaben/tei_infk_so17_pr-8.png>
Package pdftex.def Info: old_exams_prtsrc/aufgaben/tei_infk_so17_pr-8.png  used
 on input line 11.
(pdftex.def)             Requested size: 357.6711pt x 406.8744pt.

Underfull \hbox (badness 10000) in paragraph at lines 6--12

 []

[25 <./images/likelihood1.png> <./images/likelihood2.png>] [26]
Overfull \vbox (21.42659pt too high) has occurred while \output is active []


[27 <./old_exams_prtsrc/aufgaben/tei_infk_so17_pr-3.png> <./old_exams_prtsrc/au
fgaben/tei_infk_so17_pr-4.png>] [28 <./old_exams_prtsrc/aufgaben/tei_infk_so17_
pr-5.png> <./old_exams_prtsrc/aufgaben/tei_infk_so17_pr-6.png> <./old_exams_prt
src/aufgaben/tei_infk_so17_pr-7.png>]
<old_exams_prtsrc/tei_infk_so17_ml-03.png, id=611, 1216.545pt x 1731.46875pt>
File: old_exams_prtsrc/tei_infk_so17_ml-03.png Graphic file (type png)
<use old_exams_prtsrc/tei_infk_so17_ml-03.png>
Package pdftex.def Info: old_exams_prtsrc/tei_infk_so17_ml-03.png  used on inpu
t line 17.
(pdftex.def)             Requested size: 285.86955pt x 406.8744pt.
<old_exams_prtsrc/tei_infk_so17_ml-04.png, id=612, 1177.39874pt x 1851.91875pt>

File: old_exams_prtsrc/tei_infk_so17_ml-04.png Graphic file (type png)
<use old_exams_prtsrc/tei_infk_so17_ml-04.png>
Package pdftex.def Info: old_exams_prtsrc/tei_infk_so17_ml-04.png  used on inpu
t line 18.
(pdftex.def)             Requested size: 258.6692pt x 406.8744pt.
<old_exams_prtsrc/tei_infk_so17_ml-05.png, id=613, 1207.51125pt x 1885.0425pt>
File: old_exams_prtsrc/tei_infk_so17_ml-05.png Graphic file (type png)
<use old_exams_prtsrc/tei_infk_so17_ml-05.png>
Package pdftex.def Info: old_exams_prtsrc/tei_infk_so17_ml-05.png  used on inpu
t line 19.
(pdftex.def)             Requested size: 260.62323pt x 406.8744pt.
<old_exams_prtsrc/tei_infk_so17_ml-06.png, id=614, 1216.545pt x 1872.9975pt>
File: old_exams_prtsrc/tei_infk_so17_ml-06.png Graphic file (type png)
<use old_exams_prtsrc/tei_infk_so17_ml-06.png>
Package pdftex.def Info: old_exams_prtsrc/tei_infk_so17_ml-06.png  used on inpu
t line 20.
(pdftex.def)             Requested size: 264.26227pt x 406.8744pt.
<old_exams_prtsrc/tei_infk_so17_ml-07.png, id=615, 1159.33125pt x 367.3725pt>
File: old_exams_prtsrc/tei_infk_so17_ml-07.png Graphic file (type png)
<use old_exams_prtsrc/tei_infk_so17_ml-07.png>
Package pdftex.def Info: old_exams_prtsrc/tei_infk_so17_ml-07.png  used on inpu
t line 21.
(pdftex.def)             Requested size: 300.46227pt x 95.21188pt.
<old_exams_prtsrc/tei_infk_so17_ml-08.png, id=616, 1258.7025pt x 1885.0425pt>
File: old_exams_prtsrc/tei_infk_so17_ml-08.png Graphic file (type png)
<use old_exams_prtsrc/tei_infk_so17_ml-08.png>
Package pdftex.def Info: old_exams_prtsrc/tei_infk_so17_ml-08.png  used on inpu
t line 22.
(pdftex.def)             Requested size: 271.6721pt x 406.8744pt.
<old_exams_prtsrc/tei_infk_so17_ml-09.png, id=617, 1198.4775pt x 1680.2775pt>
File: old_exams_prtsrc/tei_infk_so17_ml-09.png Graphic file (type png)
<use old_exams_prtsrc/tei_infk_so17_ml-09.png>
Package pdftex.def Info: old_exams_prtsrc/tei_infk_so17_ml-09.png  used on inpu
t line 23.
(pdftex.def)             Requested size: 290.2007pt x 406.8744pt.
<old_exams_prtsrc/tei_infk_so17_ml-10.png, id=618, 1222.5675pt x 1897.0875pt>
File: old_exams_prtsrc/tei_infk_so17_ml-10.png Graphic file (type png)
<use old_exams_prtsrc/tei_infk_so17_ml-10.png>
Package pdftex.def Info: old_exams_prtsrc/tei_infk_so17_ml-10.png  used on inpu
t line 24.
(pdftex.def)             Requested size: 262.19397pt x 406.8744pt.
<old_exams_prtsrc/tei_infk_so17_ml-11.png, id=619, 1153.30875pt x 1608.0075pt>
File: old_exams_prtsrc/tei_infk_so17_ml-11.png Graphic file (type png)
<use old_exams_prtsrc/tei_infk_so17_ml-11.png>
Package pdftex.def Info: old_exams_prtsrc/tei_infk_so17_ml-11.png  used on inpu
t line 25.
(pdftex.def)             Requested size: 291.8109pt x 406.8744pt.
<old_exams_prtsrc/tei_infk_so17_ml-12.png, id=620, 1240.635pt x 1830.84pt>
File: old_exams_prtsrc/tei_infk_so17_ml-12.png Graphic file (type png)
<use old_exams_prtsrc/tei_infk_so17_ml-12.png>
Package pdftex.def Info: old_exams_prtsrc/tei_infk_so17_ml-12.png  used on inpu
t line 26.
(pdftex.def)             Requested size: 275.7044pt x 406.8744pt.
<old_exams_prtsrc/tei_infk_so17_ml-13.png, id=621, 1111.15125pt x 1653.17625pt>

File: old_exams_prtsrc/tei_infk_so17_ml-13.png Graphic file (type png)
<use old_exams_prtsrc/tei_infk_so17_ml-13.png>
Package pdftex.def Info: old_exams_prtsrc/tei_infk_so17_ml-13.png  used on inpu
t line 27.
(pdftex.def)             Requested size: 273.46365pt x 406.8744pt.

Underfull \hbox (badness 10000) in paragraph at lines 17--28

 []

[29 <./old_exams_prtsrc/aufgaben/tei_infk_so17_pr-8.png>] [30 <./old_exams_prts
rc/tei_infk_so17_ml-03.png> <./old_exams_prtsrc/tei_infk_so17_ml-04.png>]
[31 <./old_exams_prtsrc/tei_infk_so17_ml-05.png> <./old_exams_prtsrc/tei_infk_s
o17_ml-06.png>] [32 <./old_exams_prtsrc/tei_infk_so17_ml-07.png> <./old_exams_p
rtsrc/tei_infk_so17_ml-08.png>] [33 <./old_exams_prtsrc/tei_infk_so17_ml-09.png
> <./old_exams_prtsrc/tei_infk_so17_ml-10.png>] [34 <./old_exams_prtsrc/tei_inf
k_so17_ml-11.png> <./old_exams_prtsrc/tei_infk_so17_ml-12.png>]
<old_exams_prtsrc/aufgaben/sch_infk_so19_pr-04.png, id=658, 1248.665pt x 1728.4
575pt>
File: old_exams_prtsrc/aufgaben/sch_infk_so19_pr-04.png Graphic file (type png)

<use old_exams_prtsrc/aufgaben/sch_infk_so19_pr-04.png>
Package pdftex.def Info: old_exams_prtsrc/aufgaben/sch_infk_so19_pr-04.png  use
d on input line 33.
(pdftex.def)             Requested size: 293.9317pt x 406.8744pt.
<old_exams_prtsrc/aufgaben/sch_infk_so19_pr-05.png, id=659, 1236.62pt x 1872.99
75pt>
File: old_exams_prtsrc/aufgaben/sch_infk_so19_pr-05.png Graphic file (type png)

<use old_exams_prtsrc/aufgaben/sch_infk_so19_pr-05.png>
Package pdftex.def Info: old_exams_prtsrc/aufgaben/sch_infk_so19_pr-05.png  use
d on input line 34.
(pdftex.def)             Requested size: 268.62303pt x 406.8744pt.
<old_exams_prtsrc/aufgaben/sch_infk_so19_pr-06.png, id=660, 1278.7775pt x 1216.
545pt>
File: old_exams_prtsrc/aufgaben/sch_infk_so19_pr-06.png Graphic file (type png)

<use old_exams_prtsrc/aufgaben/sch_infk_so19_pr-06.png>
Package pdftex.def Info: old_exams_prtsrc/aufgaben/sch_infk_so19_pr-06.png  use
d on input line 35.
(pdftex.def)             Requested size: 300.46227pt x 285.83243pt.
<old_exams_prtsrc/aufgaben/sch_infk_so19_pr-07.png, id=661, 1291.82625pt x 903.
375pt>
File: old_exams_prtsrc/aufgaben/sch_infk_so19_pr-07.png Graphic file (type png)

<use old_exams_prtsrc/aufgaben/sch_infk_so19_pr-07.png>
Package pdftex.def Info: old_exams_prtsrc/aufgaben/sch_infk_so19_pr-07.png  use
d on input line 36.
(pdftex.def)             Requested size: 300.46227pt x 210.10144pt.
<old_exams_prtsrc/aufgaben/sch_infk_so19_pr-08.png, id=662, 1237.62375pt x 1240
.635pt>
File: old_exams_prtsrc/aufgaben/sch_infk_so19_pr-08.png Graphic file (type png)

<use old_exams_prtsrc/aufgaben/sch_infk_so19_pr-08.png>
Package pdftex.def Info: old_exams_prtsrc/aufgaben/sch_infk_so19_pr-08.png  use
d on input line 37.
(pdftex.def)             Requested size: 300.46227pt x 301.1849pt.

Underfull \hbox (badness 10000) in paragraph at lines 33--38

 []

[35 <./old_exams_prtsrc/tei_infk_so17_ml-13.png>] [36]
Overfull \vbox (21.42659pt too high) has occurred while \output is active []


[37 <./old_exams_prtsrc/aufgaben/sch_infk_so19_pr-04.png> <./old_exams_prtsrc/a
ufgaben/sch_infk_so19_pr-05.png>]
<old_exams_prtsrc/cher_infk_wi19_ml-1.png, id=679, 1508.63625pt x 1587.9325pt>
File: old_exams_prtsrc/cher_infk_wi19_ml-1.png Graphic file (type png)
<use old_exams_prtsrc/cher_infk_wi19_ml-1.png>
Package pdftex.def Info: old_exams_prtsrc/cher_infk_wi19_ml-1.png  used on inpu
t line 40.
(pdftex.def)             Requested size: 386.55026pt x 406.8744pt.
<old_exams_prtsrc/cher_infk_wi19_ml-2.png, id=680, 1435.3625pt x 1874.00125pt>
File: old_exams_prtsrc/cher_infk_wi19_ml-2.png Graphic file (type png)
<use old_exams_prtsrc/cher_infk_wi19_ml-2.png>
Package pdftex.def Info: old_exams_prtsrc/cher_infk_wi19_ml-2.png  used on inpu
t line 41.
(pdftex.def)             Requested size: 311.64128pt x 406.8744pt.
<old_exams_prtsrc/cher_infk_wi19_ml-3.png, id=681, 1358.07375pt x 1989.4325pt>
File: old_exams_prtsrc/cher_infk_wi19_ml-3.png Graphic file (type png)
<use old_exams_prtsrc/cher_infk_wi19_ml-3.png>
Package pdftex.def Info: old_exams_prtsrc/cher_infk_wi19_ml-3.png  used on inpu
t line 42.
(pdftex.def)             Requested size: 277.7438pt x 406.8744pt.
<old_exams_prtsrc/cher_infk_wi19_ml-4.png, id=682, 1463.4675pt x 1950.28625pt>
File: old_exams_prtsrc/cher_infk_wi19_ml-4.png Graphic file (type png)
<use old_exams_prtsrc/cher_infk_wi19_ml-4.png>
Package pdftex.def Info: old_exams_prtsrc/cher_infk_wi19_ml-4.png  used on inpu
t line 43.
(pdftex.def)             Requested size: 305.30516pt x 406.8744pt.
<old_exams_prtsrc/cher_infk_wi19_ml-5.png, id=683, 1320.935pt x 765.86125pt>
File: old_exams_prtsrc/cher_infk_wi19_ml-5.png Graphic file (type png)
<use old_exams_prtsrc/cher_infk_wi19_ml-5.png>
Package pdftex.def Info: old_exams_prtsrc/cher_infk_wi19_ml-5.png  used on inpu
t line 44.
(pdftex.def)             Requested size: 300.46227pt x 174.20448pt.

Overfull \hbox (10.97386pt too wide) in paragraph at lines 40--45
[][] 
 []


Underfull \hbox (badness 10000) in paragraph at lines 40--45

 []

[38 <./old_exams_prtsrc/aufgaben/sch_infk_so19_pr-06.png> <./old_exams_prtsrc/a
ufgaben/sch_infk_so19_pr-07.png> <./old_exams_prtsrc/aufgaben/sch_infk_so19_pr-
08.png>] [39 <./old_exams_prtsrc/cher_infk_wi19_ml-1.png> <./old_exams_prtsrc/c
her_infk_wi19_ml-2.png>] [40 <./old_exams_prtsrc/cher_infk_wi19_ml-3.png> <./ol
d_exams_prtsrc/cher_infk_wi19_ml-4.png>]
<old_exams_prtsrc/aufgaben/cher_infk_wi19_pr-3.png, id=704, 1457.445pt x 1963.3
35pt>
File: old_exams_prtsrc/aufgaben/cher_infk_wi19_pr-3.png Graphic file (type png)

<use old_exams_prtsrc/aufgaben/cher_infk_wi19_pr-3.png>
Package pdftex.def Info: old_exams_prtsrc/aufgaben/cher_infk_wi19_pr-3.png  use
d on input line 48.
(pdftex.def)             Requested size: 302.02502pt x 406.8744pt.
<old_exams_prtsrc/aufgaben/cher_infk_wi19_pr-4.png, id=705, 1449.415pt x 1980.3
9874pt>
File: old_exams_prtsrc/aufgaben/cher_infk_wi19_pr-4.png Graphic file (type png)

<use old_exams_prtsrc/aufgaben/cher_infk_wi19_pr-4.png>
Package pdftex.def Info: old_exams_prtsrc/aufgaben/cher_infk_wi19_pr-4.png  use
d on input line 49.
(pdftex.def)             Requested size: 297.77338pt x 406.8744pt.

Underfull \hbox (badness 10000) in paragraph at lines 48--50

 []

[41 <./old_exams_prtsrc/cher_infk_wi19_ml-5.png>] [42]
Overfull \vbox (21.42659pt too high) has occurred while \output is active []


[43 <./old_exams_prtsrc/aufgaben/cher_infk_wi19_pr-3.png> <./old_exams_prtsrc/a
ufgaben/cher_infk_wi19_pr-4.png>]
<old_exams_prtsrc/sch_infk_so19_ml-01.png, id=722, 1329.96875pt x 1242.6425pt>
File: old_exams_prtsrc/sch_infk_so19_ml-01.png Graphic file (type png)
<use old_exams_prtsrc/sch_infk_so19_ml-01.png>
Package pdftex.def Info: old_exams_prtsrc/sch_infk_so19_ml-01.png  used on inpu
t line 54.
(pdftex.def)             Requested size: 300.46227pt x 280.73914pt.
<old_exams_prtsrc/sch_infk_so19_ml-02.png, id=723, 1237.62375pt x 1790.69pt>
File: old_exams_prtsrc/sch_infk_so19_ml-02.png Graphic file (type png)
<use old_exams_prtsrc/sch_infk_so19_ml-02.png>
Package pdftex.def Info: old_exams_prtsrc/sch_infk_so19_ml-02.png  used on inpu
t line 55.
(pdftex.def)             Requested size: 281.21048pt x 406.8744pt.
<old_exams_prtsrc/sch_infk_so19_ml-03.png, id=724, 1255.69125pt x 1815.78375pt>

File: old_exams_prtsrc/sch_infk_so19_ml-03.png Graphic file (type png)
<use old_exams_prtsrc/sch_infk_so19_ml-03.png>
Package pdftex.def Info: old_exams_prtsrc/sch_infk_so19_ml-03.png  used on inpu
t line 56.
(pdftex.def)             Requested size: 281.36873pt x 406.8744pt.
<old_exams_prtsrc/sch_infk_so19_ml-04.png, id=725, 1243.64626pt x 472.76625pt>
File: old_exams_prtsrc/sch_infk_so19_ml-04.png Graphic file (type png)
<use old_exams_prtsrc/sch_infk_so19_ml-04.png>
Package pdftex.def Info: old_exams_prtsrc/sch_infk_so19_ml-04.png  used on inpu
t line 57.
(pdftex.def)             Requested size: 300.46227pt x 114.21645pt.
<old_exams_prtsrc/sch_infk_so19_ml-05.png, id=726, 1246.6575pt x 1849.91125pt>
File: old_exams_prtsrc/sch_infk_so19_ml-05.png Graphic file (type png)
<use old_exams_prtsrc/sch_infk_so19_ml-05.png>
Package pdftex.def Info: old_exams_prtsrc/sch_infk_so19_ml-05.png  used on inpu
t line 58.
(pdftex.def)             Requested size: 274.1894pt x 406.8744pt.
<old_exams_prtsrc/sch_infk_so19_ml-06.png, id=727, 1236.62pt x 1379.1525pt>
File: old_exams_prtsrc/sch_infk_so19_ml-06.png Graphic file (type png)
<use old_exams_prtsrc/sch_infk_so19_ml-06.png>
Package pdftex.def Info: old_exams_prtsrc/sch_infk_so19_ml-06.png  used on inpu
t line 59.
(pdftex.def)             Requested size: 300.46227pt x 335.08592pt.
<old_exams_prtsrc/sch_infk_so19_ml-07.png, id=728, 1358.07375pt x 1799.72375pt>

File: old_exams_prtsrc/sch_infk_so19_ml-07.png Graphic file (type png)
<use old_exams_prtsrc/sch_infk_so19_ml-07.png>
Package pdftex.def Info: old_exams_prtsrc/sch_infk_so19_ml-07.png  used on inpu
t line 60.
(pdftex.def)             Requested size: 307.0247pt x 406.8744pt.
<old_exams_prtsrc/sch_infk_so19_ml-08.png, id=729, 1249.66875pt x 1143.27126pt>

File: old_exams_prtsrc/sch_infk_so19_ml-08.png Graphic file (type png)
<use old_exams_prtsrc/sch_infk_so19_ml-08.png>
Package pdftex.def Info: old_exams_prtsrc/sch_infk_so19_ml-08.png  used on inpu
t line 61.
(pdftex.def)             Requested size: 300.46227pt x 274.87917pt.
<old_exams_prtsrc/sch_infk_so19_ml-09.png, id=730, 1231.60126pt x 1897.0875pt>
File: old_exams_prtsrc/sch_infk_so19_ml-09.png Graphic file (type png)
<use old_exams_prtsrc/sch_infk_so19_ml-09.png>
Package pdftex.def Info: old_exams_prtsrc/sch_infk_so19_ml-09.png  used on inpu
t line 62.
(pdftex.def)             Requested size: 264.13136pt x 406.8744pt.
<old_exams_prtsrc/sch_infk_so19_ml-10.png, id=731, 1235.61626pt x 1918.16624pt>

File: old_exams_prtsrc/sch_infk_so19_ml-10.png Graphic file (type png)
<use old_exams_prtsrc/sch_infk_so19_ml-10.png>
Package pdftex.def Info: old_exams_prtsrc/sch_infk_so19_ml-10.png  used on inpu
t line 63.
(pdftex.def)             Requested size: 262.08891pt x 406.8744pt.
<old_exams_prtsrc/sch_infk_so19_ml-11.png, id=732, 1294.8375pt x 940.51375pt>
File: old_exams_prtsrc/sch_infk_so19_ml-11.png Graphic file (type png)
<use old_exams_prtsrc/sch_infk_so19_ml-11.png>
Package pdftex.def Info: old_exams_prtsrc/sch_infk_so19_ml-11.png  used on inpu
t line 64.
(pdftex.def)             Requested size: 262.90233pt x 190.95528pt.

Underfull \hbox (badness 10000) in paragraph at lines 54--65

 []

[44 <./old_exams_prtsrc/sch_infk_so19_ml-01.png> <./old_exams_prtsrc/sch_infk_s
o19_ml-02.png>] [45 <./old_exams_prtsrc/sch_infk_so19_ml-03.png> <./old_exams_p
rtsrc/sch_infk_so19_ml-04.png>] [46 <./old_exams_prtsrc/sch_infk_so19_ml-05.png
> <./old_exams_prtsrc/sch_infk_so19_ml-06.png>] [47 <./old_exams_prtsrc/sch_inf
k_so19_ml-07.png> <./old_exams_prtsrc/sch_infk_so19_ml-08.png>] [48 <./old_exam
s_prtsrc/sch_infk_so19_ml-09.png> <./old_exams_prtsrc/sch_infk_so19_ml-10.png>]
)
Package atveryend Info: Empty hook `BeforeClearDocument' on input line 106.
 [49 <./old_exams_prtsrc/sch_infk_so19_ml-11.png>]
Package atveryend Info: Empty hook `AfterLastShipout' on input line 106.
 (./main_2.aux)
Package atveryend Info: Executing hook `AtVeryEndDocument' on input line 106.
Package atveryend Info: Executing hook `AtEndAfterFileList' on input line 106.
Package rerunfilecheck Info: File `main_2.out' has not changed.
(rerunfilecheck)             Checksum: CAF1427D21DCBD59D092DD8ED96BC9DB;3820.
Package atveryend Info: Empty hook `AtVeryVeryEnd' on input line 106.
 ) 
Here is how much of TeX's memory you used:
 17176 strings out of 483016
 271092 string characters out of 5961286
 794975 words of memory out of 5000000
 31416 multiletter control sequences out of 15000+600000
 547742 words of font info for 90 fonts, out of 8000000 for 9000
 81 hyphenation exceptions out of 8191
 46i,16n,48p,1014b,621s stack positions out of 5000i,500n,10000p,200000b,80000s
 </home/toor/.texlive2019/texmf-var/fonts/pk/ljfour/jknappen/ec/tcrm1095.600p
k></usr/share/texlive/texmf-dist/fonts/type1/public/bbold-type1/bbold10.pfb></u
sr/share/texlive/texmf-dist/fonts/type1/public/bbold-type1/bbold7.pfb></usr/sha
re/texlive/texmf-dist/fonts/type1/public/amsfonts/cm/cmbx10.pfb></usr/share/tex
live/texmf-dist/fonts/type1/public/amsfonts/cm/cmbx12.pfb></usr/share/texlive/t
exmf-dist/fonts/type1/public/amsfonts/cm/cmbxti10.pfb></usr/share/texlive/texmf
-dist/fonts/type1/public/amsfonts/cm/cmex10.pfb></usr/share/texlive/texmf-dist/
fonts/type1/public/amsfonts/cmextra/cmex8.pfb></usr/share/texlive/texmf-dist/fo
nts/type1/public/amsfonts/cm/cmmi10.pfb></usr/share/texlive/texmf-dist/fonts/ty
pe1/public/amsfonts/cm/cmmi12.pfb></usr/share/texlive/texmf-dist/fonts/type1/pu
blic/amsfonts/cm/cmmi6.pfb></usr/share/texlive/texmf-dist/fonts/type1/public/am
sfonts/cm/cmmi8.pfb></usr/share/texlive/texmf-dist/fonts/type1/public/amsfonts/
cm/cmr10.pfb></usr/share/texlive/texmf-dist/fonts/type1/public/amsfonts/cm/cmr1
2.pfb></usr/share/texlive/texmf-dist/fonts/type1/public/amsfonts/cm/cmr17.pfb><
/usr/share/texlive/texmf-dist/fonts/type1/public/amsfonts/cm/cmr6.pfb></usr/sha
re/texlive/texmf-dist/fonts/type1/public/amsfonts/cm/cmr8.pfb></usr/share/texli
ve/texmf-dist/fonts/type1/public/amsfonts/cm/cmsy10.pfb></usr/share/texlive/tex
mf-dist/fonts/type1/public/amsfonts/cm/cmsy6.pfb></usr/share/texlive/texmf-dist
/fonts/type1/public/amsfonts/cm/cmsy8.pfb></usr/share/texlive/texmf-dist/fonts/
type1/public/amsfonts/cm/cmti10.pfb>
Output written on main_2.pdf (49 pages, 5820113 bytes).
PDF statistics:
 909 PDF objects out of 1000 (max. 8388607)
 741 compressed objects within 8 object streams
 320 named destinations out of 1000 (max. 500000)
 685 words of extra memory for PDF output out of 10000 (max. 10000000)

