\BOOKMARK [0][-]{part*.1}{Wahrscheinlichkeit}{}% 1
\BOOKMARK [1][-]{section.1}{Wahrscheinlichkeiten}{part*.1}% 2
\BOOKMARK [2][-]{subsection.1.1}{Ereignisraum, Grundraum}{section.1}% 3
\BOOKMARK [2][-]{subsection.1.2}{Wahrscheinlichkeitsmass}{section.1}% 4
\BOOKMARK [2][-]{subsection.1.3}{Bedingte Wahrscheinlichkeit}{section.1}% 5
\BOOKMARK [1][-]{section.2}{Zufallsvariablen in R}{part*.1}% 6
\BOOKMARK [2][-]{subsection.2.1}{Verteilungsfunktion}{section.2}% 7
\BOOKMARK [2][-]{subsection.2.2}{Diskrete Zufallsvariablen}{section.2}% 8
\BOOKMARK [2][-]{subsection.2.3}{Stetige Zufallsvariablen}{section.2}% 9
\BOOKMARK [2][-]{subsection.2.4}{Erwartungswert und Momente}{section.2}% 10
\BOOKMARK [2][-]{subsection.2.5}{Varianz und Standardabweichung}{section.2}% 11
\BOOKMARK [2][-]{subsection.2.6}{Kovarianz und Korrelation}{section.2}% 12
\BOOKMARK [1][-]{section.3}{Wichtige Verteilungen}{part*.1}% 13
\BOOKMARK [2][-]{subsection.3.1}{Diskrete Verteilungen}{section.3}% 14
\BOOKMARK [2][-]{subsection.3.2}{Stetige Verteilungen}{section.3}% 15
\BOOKMARK [1][-]{section.4}{Zufallsvariablen in Rn}{part*.1}% 16
\BOOKMARK [2][-]{subsection.4.1}{Gemeinsame Verteilungen}{section.4}% 17
\BOOKMARK [2][-]{subsection.4.2}{Randverteilungen}{section.4}% 18
\BOOKMARK [2][-]{subsection.4.3}{Bedingte Verteilung}{section.4}% 19
\BOOKMARK [2][-]{subsection.4.4}{Unabh\344ngigkeit}{section.4}% 20
\BOOKMARK [2][-]{subsection.4.5}{Erwartungswert und Varianz}{section.4}% 21
\BOOKMARK [1][-]{section.5}{Funktionen von Zufallsvariablen}{part*.1}% 22
\BOOKMARK [2][-]{subsection.5.1}{Transformationen}{section.5}% 23
\BOOKMARK [2][-]{subsection.5.2}{Funktionen}{section.5}% 24
\BOOKMARK [1][-]{section.6}{Grenzwerts\344tze}{part*.1}% 25
\BOOKMARK [2][-]{subsection.6.1}{Gesetz der grossen Zahlen}{section.6}% 26
\BOOKMARK [2][-]{subsection.6.2}{Zentraler Grenzwertsatz}{section.6}% 27
\BOOKMARK [2][-]{subsection.6.3}{Ungleichungen}{section.6}% 28
\BOOKMARK [2][-]{subsection.6.4}{Monte Carlo Integration}{section.6}% 29
\BOOKMARK [0][-]{part*.2}{Statistik}{}% 30
\BOOKMARK [1][-]{section.1}{Grundlagen}{part*.2}% 31
\BOOKMARK [1][-]{section.2}{Statistik}{part*.2}% 32
\BOOKMARK [2][-]{subsection.2.1}{Sch\344tzer}{section.2}% 33
\BOOKMARK [2][-]{subsection.2.2}{Tests}{section.2}% 34
\BOOKMARK [2][-]{subsection.2.3}{Konfidenzbereiche}{section.2}% 35
\BOOKMARK [1][-]{section.3}{Tests}{part*.2}% 36
\BOOKMARK [2][-]{subsection.3.1}{Grundlagen}{section.3}% 37
\BOOKMARK [2][-]{subsection.3.2}{Konstruktion von Tests \(T,K\)}{section.3}% 38
\BOOKMARK [2][-]{subsection.3.3}{Einstichprobentests}{section.3}% 39
\BOOKMARK [2][-]{subsection.3.4}{Zweistichprobentest}{section.3}% 40
\BOOKMARK [1][-]{section.4}{Konfidenzbereiche}{part*.2}% 41
\BOOKMARK [0][-]{part*.3}{Anhang}{}% 42
\BOOKMARK [1][-]{section.1}{Kombinatorik}{part*.3}% 43
\BOOKMARK [1][-]{section.2}{Reihen}{part*.3}% 44
\BOOKMARK [1][-]{section.3}{Ableitung, Integration}{part*.3}% 45
\BOOKMARK [1][-]{section.4}{Verteilungs-/Momentenerzeugende Funktionen}{part*.3}% 46
\BOOKMARK [1][-]{section.5}{N\374tzlich}{part*.3}% 47
\BOOKMARK [1][-]{section.6}{Sch\344tzer Rezepte}{part*.3}% 48
\BOOKMARK [2][-]{subsection.6.1}{Maximum Likelihood Sch\344tzer}{section.6}% 49
\BOOKMARK [2][-]{subsection.6.2}{Momentensch\344tzer mit zentralen/rohen Momenten}{section.6}% 50
\BOOKMARK [1][-]{section.7}{p-Wert}{part*.3}% 51
\BOOKMARK [1][-]{section.8}{Tests}{part*.3}% 52
\BOOKMARK [2][-]{subsection.8.1}{Begriffe}{section.8}% 53
\BOOKMARK [1][-]{section.9}{Beispiel Teststatistik mit Likelihood-Quotienten finden}{part*.3}% 54
\BOOKMARK [1][-]{section.10}{Konfidenzintervall berechnen}{part*.3}% 55
\BOOKMARK [2][-]{subsection.10.1}{Sommer 17}{section.10}% 56
\BOOKMARK [2][-]{subsection.10.2}{Sommer 19}{section.10}% 57
\BOOKMARK [2][-]{subsection.10.3}{Winter 19}{section.10}% 58
