\BOOKMARK [0][-]{part.1}{I TEMP}{}% 1
\BOOKMARK [0][-]{part.2}{II Wahrscheinlichkeitstheorie}{}% 2
\BOOKMARK [1][-]{section.1}{Wahrscheinlichkeiten}{part.2}% 3
\BOOKMARK [2][-]{subsection.1.1}{Grundbegriffe}{section.1}% 4
\BOOKMARK [2][-]{subsection.1.2}{Diskrete Wahrscheinlichkeitsr\344ume}{section.1}% 5
\BOOKMARK [2][-]{subsection.1.3}{Bedingte Wahrscheinlichkeiten}{section.1}% 6
\BOOKMARK [2][-]{subsection.1.4}{Unabh\344ngigkeit}{section.1}% 7
\BOOKMARK [1][-]{section.2}{Diskrete Zufallsvariablen und Verteilungen}{part.2}% 8
\BOOKMARK [2][-]{subsection.2.1}{Grundbegriffe}{section.2}% 9
\BOOKMARK [2][-]{subsection.2.2}{Erwartungswerte}{section.2}% 10
\BOOKMARK [2][-]{subsection.2.3}{Gemeinsame Verteilungen \046 Unabh\344ngige Zufallsvariablen}{section.2}% 11
\BOOKMARK [2][-]{subsection.2.4}{Funktionen von mehreren Zufallsvariablen}{section.2}% 12
\BOOKMARK [2][-]{subsection.2.5}{Bedingte Verteilungen}{section.2}% 13
\BOOKMARK [1][-]{section.3}{Wichtige Diskrete Verteilungen}{part.2}% 14
\BOOKMARK [2][-]{subsection.3.1}{Diskrete Gleichverteilung}{section.3}% 15
\BOOKMARK [2][-]{subsection.3.2}{Unabh\344ngige 0-1 Experimente}{section.3}% 16
\BOOKMARK [2][-]{subsection.3.3}{Bernoulli-Verteilung}{section.3}% 17
\BOOKMARK [2][-]{subsection.3.4}{Binomial-Verteilung}{section.3}% 18
\BOOKMARK [2][-]{subsection.3.5}{Geometrische Verteilung}{section.3}% 19
\BOOKMARK [2][-]{subsection.3.6}{Poisson-Verteilung}{section.3}% 20
\BOOKMARK [2][-]{subsection.3.7}{Negativbinomiale Verteilung}{section.3}% 21
\BOOKMARK [2][-]{subsection.3.8}{Hypergeometrische Verteilung}{section.3}% 22
\BOOKMARK [1][-]{section.4}{Allgemeine Zufallsvariablen}{part.2}% 23
\BOOKMARK [2][-]{subsection.4.1}{Grundbegriffe}{section.4}% 24
\BOOKMARK [2][-]{subsection.4.2}{Normalverteilung}{section.4}% 25
\BOOKMARK [2][-]{subsection.4.3}{Erwartungswerte}{section.4}% 26
\BOOKMARK [2][-]{subsection.4.4}{Momente \046 Absolute Momente}{section.4}% 27
\BOOKMARK [2][-]{subsection.4.5}{Gemeinsame Verteilungen, Unabh\344ngige Zufallsvariablen}{section.4}% 28
\BOOKMARK [2][-]{subsection.4.6}{Bedingte Verteilungen usw}{section.4}% 29
\BOOKMARK [2][-]{subsection.4.7}{Funktionen und Transformationen von Zufallsvariablen}{section.4}% 30
\BOOKMARK [1][-]{section.5}{Ungleichungen und Grenzwerts\344tze}{part.2}% 31
\BOOKMARK [2][-]{subsection.5.1}{Wahrscheinlichkeit \046 Konvergenz}{section.5}% 32
\BOOKMARK [2][-]{subsection.5.2}{Ungleichungen}{section.5}% 33
\BOOKMARK [2][-]{subsection.5.3}{Gesetz der grossen Zahlen}{section.5}% 34
\BOOKMARK [2][-]{subsection.5.4}{Zentraler Grenzwertsatz}{section.5}% 35
\BOOKMARK [2][-]{subsection.5.5}{Grosse Abweichungen \046 Chernoff-Schranken}{section.5}% 36
\BOOKMARK [0][-]{part.3}{III Statistik}{}% 37
\BOOKMARK [1][-]{section.6}{Statistische Grundideen}{part.3}% 38
\BOOKMARK [1][-]{section.7}{Sch\344tzer}{part.3}% 39
\BOOKMARK [2][-]{subsection.7.1}{Maximum-Likelihood Methode}{section.7}% 40
\BOOKMARK [2][-]{subsection.7.2}{Momentenmethode}{section.7}% 41
\BOOKMARK [2][-]{subsection.7.3}{Verteilungsaussagen}{section.7}% 42
\BOOKMARK [1][-]{section.8}{Tests}{part.3}% 43
\BOOKMARK [2][-]{subsection.8.1}{Konstruktion von Tests}{section.8}% 44
\BOOKMARK [2][-]{subsection.8.2}{bold0mu mumu pppppp-Wert}{section.8}% 45
\BOOKMARK [2][-]{subsection.8.3}{bold0mu mumu zzzzzz-Test}{section.8}% 46
\BOOKMARK [2][-]{subsection.8.4}{bold0mu mumu tttttt-Test}{section.8}% 47
\BOOKMARK [2][-]{subsection.8.5}{Gepaarte Zweistichproben-Tests f\374r Normalverteilungen}{section.8}% 48
\BOOKMARK [2][-]{subsection.8.6}{Ungepaarte Zweistichproben-Tests f\374r Normalverteilungen}{section.8}% 49
\BOOKMARK [1][-]{section.9}{Konfidenzbereiche}{part.3}% 50
\BOOKMARK [2][-]{subsection.9.1}{Zusammenhang von Kondifenzbereichen und Tests}{section.9}% 51
\BOOKMARK [0][-]{part.4}{IV Rest}{}% 52
\BOOKMARK [1][-]{section.10}{Ableitung, Integration}{part.4}% 53
\BOOKMARK [1][-]{section.11}{N\374tzlich}{part.4}% 54
\BOOKMARK [1][-]{section.12}{Sch\344tzer Rezepte}{part.4}% 55
\BOOKMARK [2][-]{subsection.12.1}{Maximum Likelihood Sch\344tzer}{section.12}% 56
\BOOKMARK [2][-]{subsection.12.2}{Momentensch\344tzer mit zentralen/rohen Momenten}{section.12}% 57
\BOOKMARK [1][-]{section.13}{p-Wert}{part.4}% 58
\BOOKMARK [1][-]{section.14}{Tests}{part.4}% 59
\BOOKMARK [2][-]{subsection.14.1}{Begriffe}{section.14}% 60
\BOOKMARK [1][-]{section.15}{Beispiel Teststatistik mit Likelihood-Quotienten finden}{part.4}% 61
\BOOKMARK [1][-]{section.16}{Konfidenzintervall berechnen}{part.4}% 62
